[Server(3510) file:///var/www/nodejs/shopping-cart] Started and initialize received
[Server(3510) file:///var/www/nodejs/shopping-cart] Setup a stylesheet lookup map
[Server(3510) file:///var/www/nodejs/shopping-cart] Document opened: file:///var/www/nodejs/shopping-cart/seed/productSeeder.js
[Server(3510) file:///var/www/nodejs/shopping-cart] Document changed: file:///var/www/nodejs/shopping-cart/seed/productSeeder.js
[Server(3510) file:///var/www/nodejs/shopping-cart] Document opened: file:///var/www/nodejs/shopping-cart/app.js
[Server(3510) file:///var/www/nodejs/shopping-cart] Document changed: file:///var/www/nodejs/shopping-cart/app.js
[Server(3509) file:///var/www/nodejs/shopping-cart] Started and initialize received
[Server(3511) file:///var/www/nodejs/shopping-cart] Started and initialize received
[Server(3511) file:///var/www/nodejs/shopping-cart] Setup a stylesheet lookup map
[Server(3511) file:///var/www/nodejs/shopping-cart] Document opened: file:///var/www/nodejs/shopping-cart/seed/productSeeder.js
[Server(3511) file:///var/www/nodejs/shopping-cart] Document changed: file:///var/www/nodejs/shopping-cart/seed/productSeeder.js
[Server(3511) file:///var/www/nodejs/shopping-cart] Document opened: file:///var/www/nodejs/shopping-cart/app.js
[Server(3511) file:///var/www/nodejs/shopping-cart] Document changed: file:///var/www/nodejs/shopping-cart/app.js
[Server(3509) file:///var/www/nodejs/shopping-cart] Setup a stylesheet lookup map
[Server(3509) file:///var/www/nodejs/shopping-cart] Document opened: file:///var/www/nodejs/shopping-cart/seed/productSeeder.js
[Server(3509) file:///var/www/nodejs/shopping-cart] Document changed: file:///var/www/nodejs/shopping-cart/seed/productSeeder.js
[Server(3509) file:///var/www/nodejs/shopping-cart] Document opened: file:///var/www/nodejs/shopping-cart/app.js
[Server(3509) file:///var/www/nodejs/shopping-cart] Document changed: file:///var/www/nodejs/shopping-cart/app.js
[Server(3510) file:///var/www/nodejs/shopping-cart] Document changed: file:///var/www/nodejs/shopping-cart/seed/productSeeder.js
[Server(3511) file:///var/www/nodejs/shopping-cart] Document changed: file:///var/www/nodejs/shopping-cart/seed/productSeeder.js
[Server(3509) file:///var/www/nodejs/shopping-cart] Document changed: file:///var/www/nodejs/shopping-cart/seed/productSeeder.js
[Server(3510) file:///var/www/nodejs/shopping-cart] Document changed: file:///var/www/nodejs/shopping-cart/seed/productSeeder.js
[Server(3511) file:///var/www/nodejs/shopping-cart] Document changed: file:///var/www/nodejs/shopping-cart/seed/productSeeder.js
[Server(3509) file:///var/www/nodejs/shopping-cart] Document changed: file:///var/www/nodejs/shopping-cart/seed/productSeeder.js
[Server(3510) file:///var/www/nodejs/shopping-cart] Document changed: file:///var/www/nodejs/shopping-cart/seed/productSeeder.js
[Server(3511) file:///var/www/nodejs/shopping-cart] Document changed: file:///var/www/nodejs/shopping-cart/seed/productSeeder.js
[Server(3509) file:///var/www/nodejs/shopping-cart] Document changed: file:///var/www/nodejs/shopping-cart/seed/productSeeder.js
[Server(3510) file:///var/www/nodejs/shopping-cart] Document changed: file:///var/www/nodejs/shopping-cart/seed/productSeeder.js
[Server(3509) file:///var/www/nodejs/shopping-cart] Document changed: file:///var/www/nodejs/shopping-cart/seed/productSeeder.js
[Server(3511) file:///var/www/nodejs/shopping-cart] Document changed: file:///var/www/nodejs/shopping-cart/seed/productSeeder.js
[Server(3510) file:///var/www/nodejs/shopping-cart] Document changed: file:///var/www/nodejs/shopping-cart/seed/productSeeder.js
[Server(3511) file:///var/www/nodejs/shopping-cart] Document changed: file:///var/www/nodejs/shopping-cart/seed/productSeeder.js
[Server(3509) file:///var/www/nodejs/shopping-cart] Document changed: file:///var/www/nodejs/shopping-cart/seed/productSeeder.js
[Server(3510) file:///var/www/nodejs/shopping-cart] Document changed: file:///var/www/nodejs/shopping-cart/seed/productSeeder.js
[Server(3511) file:///var/www/nodejs/shopping-cart] Document changed: file:///var/www/nodejs/shopping-cart/seed/productSeeder.js
[Server(3509) file:///var/www/nodejs/shopping-cart] Document changed: file:///var/www/nodejs/shopping-cart/seed/productSeeder.js
[Server(3510) file:///var/www/nodejs/shopping-cart] Document changed: file:///var/www/nodejs/shopping-cart/seed/productSeeder.js
[Server(3511) file:///var/www/nodejs/shopping-cart] Document changed: file:///var/www/nodejs/shopping-cart/seed/productSeeder.js
[Server(3509) file:///var/www/nodejs/shopping-cart] Document changed: file:///var/www/nodejs/shopping-cart/seed/productSeeder.js
[Server(3510) file:///var/www/nodejs/shopping-cart] Document changed: file:///var/www/nodejs/shopping-cart/seed/productSeeder.js
[Server(3511) file:///var/www/nodejs/shopping-cart] Document changed: file:///var/www/nodejs/shopping-cart/seed/productSeeder.js
[Server(3509) file:///var/www/nodejs/shopping-cart] Document changed: file:///var/www/nodejs/shopping-cart/seed/productSeeder.js
[Server(3510) file:///var/www/nodejs/shopping-cart] Document changed: file:///var/www/nodejs/shopping-cart/seed/productSeeder.js
[Server(3511) file:///var/www/nodejs/shopping-cart] Document changed: file:///var/www/nodejs/shopping-cart/seed/productSeeder.js
[Server(3509) file:///var/www/nodejs/shopping-cart] Document changed: file:///var/www/nodejs/shopping-cart/seed/productSeeder.js
Invalid Selector...
Invalid Selector...
Invalid Selector...
[Server(3510) file:///var/www/nodejs/shopping-cart] Document changed: file:///var/www/nodejs/shopping-cart/seed/productSeeder.js
[Server(3511) file:///var/www/nodejs/shopping-cart] Document changed: file:///var/www/nodejs/shopping-cart/seed/productSeeder.js
[Server(3509) file:///var/www/nodejs/shopping-cart] Document changed: file:///var/www/nodejs/shopping-cart/seed/productSeeder.js
[Server(3510) file:///var/www/nodejs/shopping-cart] Document changed: file:///var/www/nodejs/shopping-cart/seed/productSeeder.js
[Server(3511) file:///var/www/nodejs/shopping-cart] Document changed: file:///var/www/nodejs/shopping-cart/seed/productSeeder.js
[Server(3509) file:///var/www/nodejs/shopping-cart] Document changed: file:///var/www/nodejs/shopping-cart/seed/productSeeder.js
Invalid Selector...
Invalid Selector...
Invalid Selector...
[Server(3511) file:///var/www/nodejs/shopping-cart] Document changed: file:///var/www/nodejs/shopping-cart/seed/productSeeder.js
[Server(3510) file:///var/www/nodejs/shopping-cart] Document changed: file:///var/www/nodejs/shopping-cart/seed/productSeeder.js
[Server(3509) file:///var/www/nodejs/shopping-cart] Document changed: file:///var/www/nodejs/shopping-cart/seed/productSeeder.js
[Server(3510) file:///var/www/nodejs/shopping-cart] Document changed: file:///var/www/nodejs/shopping-cart/seed/productSeeder.js
[Server(3509) file:///var/www/nodejs/shopping-cart] Document changed: file:///var/www/nodejs/shopping-cart/seed/productSeeder.js
[Server(3511) file:///var/www/nodejs/shopping-cart] Document changed: file:///var/www/nodejs/shopping-cart/seed/productSeeder.js
[Server(3510) file:///var/www/nodejs/shopping-cart] Document changed: file:///var/www/nodejs/shopping-cart/seed/productSeeder.js
[Server(3511) file:///var/www/nodejs/shopping-cart] Document changed: file:///var/www/nodejs/shopping-cart/seed/productSeeder.js
[Server(3509) file:///var/www/nodejs/shopping-cart] Document changed: file:///var/www/nodejs/shopping-cart/seed/productSeeder.js
[Server(3510) file:///var/www/nodejs/shopping-cart] Document changed: file:///var/www/nodejs/shopping-cart/seed/productSeeder.js
[Server(3511) file:///var/www/nodejs/shopping-cart] Document changed: file:///var/www/nodejs/shopping-cart/seed/productSeeder.js
[Server(3509) file:///var/www/nodejs/shopping-cart] Document changed: file:///var/www/nodejs/shopping-cart/seed/productSeeder.js
[Server(3510) file:///var/www/nodejs/shopping-cart] Document changed: file:///var/www/nodejs/shopping-cart/seed/productSeeder.js
[Server(3511) file:///var/www/nodejs/shopping-cart] Document changed: file:///var/www/nodejs/shopping-cart/seed/productSeeder.js
[Server(3509) file:///var/www/nodejs/shopping-cart] Document changed: file:///var/www/nodejs/shopping-cart/seed/productSeeder.js
[Server(3510) file:///var/www/nodejs/shopping-cart] Document changed: file:///var/www/nodejs/shopping-cart/seed/productSeeder.js
[Server(3511) file:///var/www/nodejs/shopping-cart] Document changed: file:///var/www/nodejs/shopping-cart/seed/productSeeder.js
[Server(3509) file:///var/www/nodejs/shopping-cart] Document changed: file:///var/www/nodejs/shopping-cart/seed/productSeeder.js
[Server(3510) file:///var/www/nodejs/shopping-cart] Document changed: file:///var/www/nodejs/shopping-cart/seed/productSeeder.js
[Server(3509) file:///var/www/nodejs/shopping-cart] Document changed: file:///var/www/nodejs/shopping-cart/seed/productSeeder.js
[Server(3511) file:///var/www/nodejs/shopping-cart] Document changed: file:///var/www/nodejs/shopping-cart/seed/productSeeder.js
Invalid Selector...
Invalid Selector...
Invalid Selector...
[Server(3510) file:///var/www/nodejs/shopping-cart] Document changed: file:///var/www/nodejs/shopping-cart/seed/productSeeder.js
[Server(3509) file:///var/www/nodejs/shopping-cart] Document changed: file:///var/www/nodejs/shopping-cart/seed/productSeeder.js
[Server(3511) file:///var/www/nodejs/shopping-cart] Document changed: file:///var/www/nodejs/shopping-cart/seed/productSeeder.js
[Server(3510) file:///var/www/nodejs/shopping-cart] Document changed: file:///var/www/nodejs/shopping-cart/seed/productSeeder.js
[Server(3511) file:///var/www/nodejs/shopping-cart] Document changed: file:///var/www/nodejs/shopping-cart/seed/productSeeder.js
[Server(3509) file:///var/www/nodejs/shopping-cart] Document changed: file:///var/www/nodejs/shopping-cart/seed/productSeeder.js
[Server(3510) file:///var/www/nodejs/shopping-cart] Document changed: file:///var/www/nodejs/shopping-cart/seed/productSeeder.js
[Server(3509) file:///var/www/nodejs/shopping-cart] Document changed: file:///var/www/nodejs/shopping-cart/seed/productSeeder.js
[Server(3511) file:///var/www/nodejs/shopping-cart] Document changed: file:///var/www/nodejs/shopping-cart/seed/productSeeder.js
[Server(3510) file:///var/www/nodejs/shopping-cart] Document changed: file:///var/www/nodejs/shopping-cart/seed/productSeeder.js
[Server(3511) file:///var/www/nodejs/shopping-cart] Document changed: file:///var/www/nodejs/shopping-cart/seed/productSeeder.js
[Server(3509) file:///var/www/nodejs/shopping-cart] Document changed: file:///var/www/nodejs/shopping-cart/seed/productSeeder.js
[Server(3511) file:///var/www/nodejs/shopping-cart] Document changed: file:///var/www/nodejs/shopping-cart/seed/productSeeder.js
[Server(3510) file:///var/www/nodejs/shopping-cart] Document changed: file:///var/www/nodejs/shopping-cart/seed/productSeeder.js
[Server(3509) file:///var/www/nodejs/shopping-cart] Document changed: file:///var/www/nodejs/shopping-cart/seed/productSeeder.js
[Server(3510) file:///var/www/nodejs/shopping-cart] Document changed: file:///var/www/nodejs/shopping-cart/seed/productSeeder.js
[Server(3511) file:///var/www/nodejs/shopping-cart] Document changed: file:///var/www/nodejs/shopping-cart/seed/productSeeder.js
[Server(3509) file:///var/www/nodejs/shopping-cart] Document changed: file:///var/www/nodejs/shopping-cart/seed/productSeeder.js
[Server(3510) file:///var/www/nodejs/shopping-cart] Document changed: file:///var/www/nodejs/shopping-cart/seed/productSeeder.js
[Server(3511) file:///var/www/nodejs/shopping-cart] Document changed: file:///var/www/nodejs/shopping-cart/seed/productSeeder.js
[Server(3509) file:///var/www/nodejs/shopping-cart] Document changed: file:///var/www/nodejs/shopping-cart/seed/productSeeder.js
[Server(3510) file:///var/www/nodejs/shopping-cart] Document changed: file:///var/www/nodejs/shopping-cart/seed/productSeeder.js
[Server(3511) file:///var/www/nodejs/shopping-cart] Document changed: file:///var/www/nodejs/shopping-cart/seed/productSeeder.js
[Server(3509) file:///var/www/nodejs/shopping-cart] Document changed: file:///var/www/nodejs/shopping-cart/seed/productSeeder.js
[Server(3510) file:///var/www/nodejs/shopping-cart] Document changed: file:///var/www/nodejs/shopping-cart/seed/productSeeder.js
[Server(3511) file:///var/www/nodejs/shopping-cart] Document changed: file:///var/www/nodejs/shopping-cart/seed/productSeeder.js
[Server(3509) file:///var/www/nodejs/shopping-cart] Document changed: file:///var/www/nodejs/shopping-cart/seed/productSeeder.js
[Server(3510) file:///var/www/nodejs/shopping-cart] Document changed: file:///var/www/nodejs/shopping-cart/seed/productSeeder.js
[Server(3509) file:///var/www/nodejs/shopping-cart] Document changed: file:///var/www/nodejs/shopping-cart/seed/productSeeder.js
[Server(3511) file:///var/www/nodejs/shopping-cart] Document changed: file:///var/www/nodejs/shopping-cart/seed/productSeeder.js
[Server(3510) file:///var/www/nodejs/shopping-cart] Document changed: file:///var/www/nodejs/shopping-cart/seed/productSeeder.js
[Server(3511) file:///var/www/nodejs/shopping-cart] Document changed: file:///var/www/nodejs/shopping-cart/seed/productSeeder.js
[Server(3509) file:///var/www/nodejs/shopping-cart] Document changed: file:///var/www/nodejs/shopping-cart/seed/productSeeder.js
[Server(3510) file:///var/www/nodejs/shopping-cart] Document changed: file:///var/www/nodejs/shopping-cart/seed/productSeeder.js
[Server(3511) file:///var/www/nodejs/shopping-cart] Document changed: file:///var/www/nodejs/shopping-cart/seed/productSeeder.js
[Server(3509) file:///var/www/nodejs/shopping-cart] Document changed: file:///var/www/nodejs/shopping-cart/seed/productSeeder.js
[Server(3510) file:///var/www/nodejs/shopping-cart] Document changed: file:///var/www/nodejs/shopping-cart/seed/productSeeder.js
[Server(3511) file:///var/www/nodejs/shopping-cart] Document changed: file:///var/www/nodejs/shopping-cart/seed/productSeeder.js
[Server(3509) file:///var/www/nodejs/shopping-cart] Document changed: file:///var/www/nodejs/shopping-cart/seed/productSeeder.js
[Server(3510) file:///var/www/nodejs/shopping-cart] Document changed: file:///var/www/nodejs/shopping-cart/seed/productSeeder.js
[Server(3511) file:///var/www/nodejs/shopping-cart] Document changed: file:///var/www/nodejs/shopping-cart/seed/productSeeder.js
[Server(3509) file:///var/www/nodejs/shopping-cart] Document changed: file:///var/www/nodejs/shopping-cart/seed/productSeeder.js
[Server(3510) file:///var/www/nodejs/shopping-cart] Document changed: file:///var/www/nodejs/shopping-cart/seed/productSeeder.js
[Server(3511) file:///var/www/nodejs/shopping-cart] Document changed: file:///var/www/nodejs/shopping-cart/seed/productSeeder.js
[Server(3509) file:///var/www/nodejs/shopping-cart] Document changed: file:///var/www/nodejs/shopping-cart/seed/productSeeder.js
[Server(3510) file:///var/www/nodejs/shopping-cart] Document changed: file:///var/www/nodejs/shopping-cart/seed/productSeeder.js
[Server(3511) file:///var/www/nodejs/shopping-cart] Document changed: file:///var/www/nodejs/shopping-cart/seed/productSeeder.js
[Server(3509) file:///var/www/nodejs/shopping-cart] Document changed: file:///var/www/nodejs/shopping-cart/seed/productSeeder.js
[Server(3510) file:///var/www/nodejs/shopping-cart] Document changed: file:///var/www/nodejs/shopping-cart/seed/productSeeder.js
[Server(3511) file:///var/www/nodejs/shopping-cart] Document changed: file:///var/www/nodejs/shopping-cart/seed/productSeeder.js
[Server(3509) file:///var/www/nodejs/shopping-cart] Document changed: file:///var/www/nodejs/shopping-cart/seed/productSeeder.js
[Server(3510) file:///var/www/nodejs/shopping-cart] Document changed: file:///var/www/nodejs/shopping-cart/seed/productSeeder.js
[Server(3511) file:///var/www/nodejs/shopping-cart] Document changed: file:///var/www/nodejs/shopping-cart/seed/productSeeder.js
[Server(3509) file:///var/www/nodejs/shopping-cart] Document changed: file:///var/www/nodejs/shopping-cart/seed/productSeeder.js
[Server(3510) file:///var/www/nodejs/shopping-cart] Document changed: file:///var/www/nodejs/shopping-cart/seed/productSeeder.js
[Server(3511) file:///var/www/nodejs/shopping-cart] Document changed: file:///var/www/nodejs/shopping-cart/seed/productSeeder.js
[Server(3509) file:///var/www/nodejs/shopping-cart] Document changed: file:///var/www/nodejs/shopping-cart/seed/productSeeder.js
[Server(3510) file:///var/www/nodejs/shopping-cart] Document changed: file:///var/www/nodejs/shopping-cart/seed/productSeeder.js
[Server(3511) file:///var/www/nodejs/shopping-cart] Document changed: file:///var/www/nodejs/shopping-cart/seed/productSeeder.js
[Server(3509) file:///var/www/nodejs/shopping-cart] Document changed: file:///var/www/nodejs/shopping-cart/seed/productSeeder.js
[Server(3510) file:///var/www/nodejs/shopping-cart] Document changed: file:///var/www/nodejs/shopping-cart/seed/productSeeder.js
[Server(3511) file:///var/www/nodejs/shopping-cart] Document changed: file:///var/www/nodejs/shopping-cart/seed/productSeeder.js
[Server(3509) file:///var/www/nodejs/shopping-cart] Document changed: file:///var/www/nodejs/shopping-cart/seed/productSeeder.js
[Server(3510) file:///var/www/nodejs/shopping-cart] Document changed: file:///var/www/nodejs/shopping-cart/seed/productSeeder.js
[Server(3511) file:///var/www/nodejs/shopping-cart] Document changed: file:///var/www/nodejs/shopping-cart/seed/productSeeder.js
[Server(3509) file:///var/www/nodejs/shopping-cart] Document changed: file:///var/www/nodejs/shopping-cart/seed/productSeeder.js
[Server(3510) file:///var/www/nodejs/shopping-cart] Document changed: file:///var/www/nodejs/shopping-cart/seed/productSeeder.js
[Server(3511) file:///var/www/nodejs/shopping-cart] Document changed: file:///var/www/nodejs/shopping-cart/seed/productSeeder.js
[Server(3509) file:///var/www/nodejs/shopping-cart] Document changed: file:///var/www/nodejs/shopping-cart/seed/productSeeder.js
[Server(3510) file:///var/www/nodejs/shopping-cart] Document changed: file:///var/www/nodejs/shopping-cart/seed/productSeeder.js
[Server(3511) file:///var/www/nodejs/shopping-cart] Document changed: file:///var/www/nodejs/shopping-cart/seed/productSeeder.js
[Server(3509) file:///var/www/nodejs/shopping-cart] Document changed: file:///var/www/nodejs/shopping-cart/seed/productSeeder.js
[Server(3510) file:///var/www/nodejs/shopping-cart] Document changed: file:///var/www/nodejs/shopping-cart/seed/productSeeder.js
[Server(3511) file:///var/www/nodejs/shopping-cart] Document changed: file:///var/www/nodejs/shopping-cart/seed/productSeeder.js
[Server(3509) file:///var/www/nodejs/shopping-cart] Document changed: file:///var/www/nodejs/shopping-cart/seed/productSeeder.js
[Server(3511) file:///var/www/nodejs/shopping-cart] Document changed: file:///var/www/nodejs/shopping-cart/seed/productSeeder.js
[Server(3509) file:///var/www/nodejs/shopping-cart] Document changed: file:///var/www/nodejs/shopping-cart/seed/productSeeder.js
[Server(3510) file:///var/www/nodejs/shopping-cart] Document changed: file:///var/www/nodejs/shopping-cart/seed/productSeeder.js
[Server(3510) file:///var/www/nodejs/shopping-cart] Document changed: file:///var/www/nodejs/shopping-cart/seed/productSeeder.js
[Server(3511) file:///var/www/nodejs/shopping-cart] Document changed: file:///var/www/nodejs/shopping-cart/seed/productSeeder.js
[Server(3509) file:///var/www/nodejs/shopping-cart] Document changed: file:///var/www/nodejs/shopping-cart/seed/productSeeder.js
[Server(3510) file:///var/www/nodejs/shopping-cart] Document changed: file:///var/www/nodejs/shopping-cart/seed/productSeeder.js
[Server(3511) file:///var/www/nodejs/shopping-cart] Document changed: file:///var/www/nodejs/shopping-cart/seed/productSeeder.js
[Server(3509) file:///var/www/nodejs/shopping-cart] Document changed: file:///var/www/nodejs/shopping-cart/seed/productSeeder.js
[Server(3510) file:///var/www/nodejs/shopping-cart] Document changed: file:///var/www/nodejs/shopping-cart/seed/productSeeder.js
[Server(3511) file:///var/www/nodejs/shopping-cart] Document changed: file:///var/www/nodejs/shopping-cart/seed/productSeeder.js
[Server(3509) file:///var/www/nodejs/shopping-cart] Document changed: file:///var/www/nodejs/shopping-cart/seed/productSeeder.js
[Server(3510) file:///var/www/nodejs/shopping-cart] Document changed: file:///var/www/nodejs/shopping-cart/seed/productSeeder.js
[Server(3511) file:///var/www/nodejs/shopping-cart] Document changed: file:///var/www/nodejs/shopping-cart/seed/productSeeder.js
[Server(3509) file:///var/www/nodejs/shopping-cart] Document changed: file:///var/www/nodejs/shopping-cart/seed/productSeeder.js
[Server(3510) file:///var/www/nodejs/shopping-cart] Document changed: file:///var/www/nodejs/shopping-cart/seed/productSeeder.js
[Server(3511) file:///var/www/nodejs/shopping-cart] Document changed: file:///var/www/nodejs/shopping-cart/seed/productSeeder.js
[Server(3509) file:///var/www/nodejs/shopping-cart] Document changed: file:///var/www/nodejs/shopping-cart/seed/productSeeder.js
[Server(3510) file:///var/www/nodejs/shopping-cart] Document changed: file:///var/www/nodejs/shopping-cart/seed/productSeeder.js
[Server(3511) file:///var/www/nodejs/shopping-cart] Document changed: file:///var/www/nodejs/shopping-cart/seed/productSeeder.js
[Server(3509) file:///var/www/nodejs/shopping-cart] Document changed: file:///var/www/nodejs/shopping-cart/seed/productSeeder.js
[Server(3510) file:///var/www/nodejs/shopping-cart] Document changed: file:///var/www/nodejs/shopping-cart/seed/productSeeder.js
[Server(3511) file:///var/www/nodejs/shopping-cart] Document changed: file:///var/www/nodejs/shopping-cart/seed/productSeeder.js
[Server(3509) file:///var/www/nodejs/shopping-cart] Document changed: file:///var/www/nodejs/shopping-cart/seed/productSeeder.js
[Server(3510) file:///var/www/nodejs/shopping-cart] Document changed: file:///var/www/nodejs/shopping-cart/seed/productSeeder.js
[Server(3511) file:///var/www/nodejs/shopping-cart] Document changed: file:///var/www/nodejs/shopping-cart/seed/productSeeder.js
[Server(3509) file:///var/www/nodejs/shopping-cart] Document changed: file:///var/www/nodejs/shopping-cart/seed/productSeeder.js
[Server(3510) file:///var/www/nodejs/shopping-cart] Document changed: file:///var/www/nodejs/shopping-cart/seed/productSeeder.js
[Server(3511) file:///var/www/nodejs/shopping-cart] Document changed: file:///var/www/nodejs/shopping-cart/seed/productSeeder.js
[Server(3509) file:///var/www/nodejs/shopping-cart] Document changed: file:///var/www/nodejs/shopping-cart/seed/productSeeder.js
[Server(3510) file:///var/www/nodejs/shopping-cart] Document changed: file:///var/www/nodejs/shopping-cart/seed/productSeeder.js
[Server(3511) file:///var/www/nodejs/shopping-cart] Document changed: file:///var/www/nodejs/shopping-cart/seed/productSeeder.js
[Server(3509) file:///var/www/nodejs/shopping-cart] Document changed: file:///var/www/nodejs/shopping-cart/seed/productSeeder.js
[Server(3510) file:///var/www/nodejs/shopping-cart] Document changed: file:///var/www/nodejs/shopping-cart/seed/productSeeder.js
[Server(3509) file:///var/www/nodejs/shopping-cart] Document changed: file:///var/www/nodejs/shopping-cart/seed/productSeeder.js
[Server(3511) file:///var/www/nodejs/shopping-cart] Document changed: file:///var/www/nodejs/shopping-cart/seed/productSeeder.js
[Server(3510) file:///var/www/nodejs/shopping-cart] Document changed: file:///var/www/nodejs/shopping-cart/seed/productSeeder.js
[Server(3511) file:///var/www/nodejs/shopping-cart] Document changed: file:///var/www/nodejs/shopping-cart/seed/productSeeder.js
[Server(3509) file:///var/www/nodejs/shopping-cart] Document changed: file:///var/www/nodejs/shopping-cart/seed/productSeeder.js
[Server(3510) file:///var/www/nodejs/shopping-cart] Document changed: file:///var/www/nodejs/shopping-cart/seed/productSeeder.js
[Server(3511) file:///var/www/nodejs/shopping-cart] Document changed: file:///var/www/nodejs/shopping-cart/seed/productSeeder.js
[Server(3509) file:///var/www/nodejs/shopping-cart] Document changed: file:///var/www/nodejs/shopping-cart/seed/productSeeder.js
[Server(3510) file:///var/www/nodejs/shopping-cart] Document changed: file:///var/www/nodejs/shopping-cart/seed/productSeeder.js
[Server(3511) file:///var/www/nodejs/shopping-cart] Document changed: file:///var/www/nodejs/shopping-cart/seed/productSeeder.js
[Server(3509) file:///var/www/nodejs/shopping-cart] Document changed: file:///var/www/nodejs/shopping-cart/seed/productSeeder.js
[Server(3510) file:///var/www/nodejs/shopping-cart] Document changed: file:///var/www/nodejs/shopping-cart/seed/productSeeder.js
[Server(3511) file:///var/www/nodejs/shopping-cart] Document changed: file:///var/www/nodejs/shopping-cart/seed/productSeeder.js
[Server(3509) file:///var/www/nodejs/shopping-cart] Document changed: file:///var/www/nodejs/shopping-cart/seed/productSeeder.js
[Server(3510) file:///var/www/nodejs/shopping-cart] Document changed: file:///var/www/nodejs/shopping-cart/seed/productSeeder.js
[Server(3511) file:///var/www/nodejs/shopping-cart] Document changed: file:///var/www/nodejs/shopping-cart/seed/productSeeder.js
[Server(3509) file:///var/www/nodejs/shopping-cart] Document changed: file:///var/www/nodejs/shopping-cart/seed/productSeeder.js
[Server(3510) file:///var/www/nodejs/shopping-cart] Document changed: file:///var/www/nodejs/shopping-cart/seed/productSeeder.js
[Server(3511) file:///var/www/nodejs/shopping-cart] Document changed: file:///var/www/nodejs/shopping-cart/seed/productSeeder.js
[Server(3509) file:///var/www/nodejs/shopping-cart] Document changed: file:///var/www/nodejs/shopping-cart/seed/productSeeder.js
[Server(3510) file:///var/www/nodejs/shopping-cart] Document changed: file:///var/www/nodejs/shopping-cart/seed/productSeeder.js
[Server(3511) file:///var/www/nodejs/shopping-cart] Document changed: file:///var/www/nodejs/shopping-cart/seed/productSeeder.js
[Server(3509) file:///var/www/nodejs/shopping-cart] Document changed: file:///var/www/nodejs/shopping-cart/seed/productSeeder.js
[Server(3510) file:///var/www/nodejs/shopping-cart] Document changed: file:///var/www/nodejs/shopping-cart/seed/productSeeder.js
[Server(3511) file:///var/www/nodejs/shopping-cart] Document changed: file:///var/www/nodejs/shopping-cart/seed/productSeeder.js
[Server(3509) file:///var/www/nodejs/shopping-cart] Document changed: file:///var/www/nodejs/shopping-cart/seed/productSeeder.js
[Server(3510) file:///var/www/nodejs/shopping-cart] Document changed: file:///var/www/nodejs/shopping-cart/seed/productSeeder.js
[Server(3511) file:///var/www/nodejs/shopping-cart] Document changed: file:///var/www/nodejs/shopping-cart/seed/productSeeder.js
[Server(3509) file:///var/www/nodejs/shopping-cart] Document changed: file:///var/www/nodejs/shopping-cart/seed/productSeeder.js
[Server(3510) file:///var/www/nodejs/shopping-cart] Document changed: file:///var/www/nodejs/shopping-cart/seed/productSeeder.js
[Server(3511) file:///var/www/nodejs/shopping-cart] Document changed: file:///var/www/nodejs/shopping-cart/seed/productSeeder.js
[Server(3509) file:///var/www/nodejs/shopping-cart] Document changed: file:///var/www/nodejs/shopping-cart/seed/productSeeder.js
[Server(3510) file:///var/www/nodejs/shopping-cart] Document changed: file:///var/www/nodejs/shopping-cart/seed/productSeeder.js
[Server(3511) file:///var/www/nodejs/shopping-cart] Document changed: file:///var/www/nodejs/shopping-cart/seed/productSeeder.js
[Server(3509) file:///var/www/nodejs/shopping-cart] Document changed: file:///var/www/nodejs/shopping-cart/seed/productSeeder.js
[Server(3510) file:///var/www/nodejs/shopping-cart] Document changed: file:///var/www/nodejs/shopping-cart/seed/productSeeder.js
[Server(3511) file:///var/www/nodejs/shopping-cart] Document changed: file:///var/www/nodejs/shopping-cart/seed/productSeeder.js
[Server(3509) file:///var/www/nodejs/shopping-cart] Document changed: file:///var/www/nodejs/shopping-cart/seed/productSeeder.js
[Server(3510) file:///var/www/nodejs/shopping-cart] Document changed: file:///var/www/nodejs/shopping-cart/seed/productSeeder.js
[Server(3511) file:///var/www/nodejs/shopping-cart] Document changed: file:///var/www/nodejs/shopping-cart/seed/productSeeder.js
[Server(3509) file:///var/www/nodejs/shopping-cart] Document changed: file:///var/www/nodejs/shopping-cart/seed/productSeeder.js
[Server(3510) file:///var/www/nodejs/shopping-cart] Document changed: file:///var/www/nodejs/shopping-cart/seed/productSeeder.js
[Server(3511) file:///var/www/nodejs/shopping-cart] Document changed: file:///var/www/nodejs/shopping-cart/seed/productSeeder.js
[Server(3509) file:///var/www/nodejs/shopping-cart] Document changed: file:///var/www/nodejs/shopping-cart/seed/productSeeder.js
[Server(3510) file:///var/www/nodejs/shopping-cart] Document changed: file:///var/www/nodejs/shopping-cart/seed/productSeeder.js
[Server(3511) file:///var/www/nodejs/shopping-cart] Document changed: file:///var/www/nodejs/shopping-cart/seed/productSeeder.js
[Server(3509) file:///var/www/nodejs/shopping-cart] Document changed: file:///var/www/nodejs/shopping-cart/seed/productSeeder.js
[Server(3510) file:///var/www/nodejs/shopping-cart] Document changed: file:///var/www/nodejs/shopping-cart/seed/productSeeder.js
[Server(3511) file:///var/www/nodejs/shopping-cart] Document changed: file:///var/www/nodejs/shopping-cart/seed/productSeeder.js
[Server(3509) file:///var/www/nodejs/shopping-cart] Document changed: file:///var/www/nodejs/shopping-cart/seed/productSeeder.js
[Server(3510) file:///var/www/nodejs/shopping-cart] Document changed: file:///var/www/nodejs/shopping-cart/seed/productSeeder.js
[Server(3511) file:///var/www/nodejs/shopping-cart] Document changed: file:///var/www/nodejs/shopping-cart/seed/productSeeder.js
[Server(3509) file:///var/www/nodejs/shopping-cart] Document changed: file:///var/www/nodejs/shopping-cart/seed/productSeeder.js
[Server(3510) file:///var/www/nodejs/shopping-cart] Document changed: file:///var/www/nodejs/shopping-cart/seed/productSeeder.js
[Server(3511) file:///var/www/nodejs/shopping-cart] Document changed: file:///var/www/nodejs/shopping-cart/seed/productSeeder.js
[Server(3509) file:///var/www/nodejs/shopping-cart] Document changed: file:///var/www/nodejs/shopping-cart/seed/productSeeder.js
[Server(3510) file:///var/www/nodejs/shopping-cart] Document changed: file:///var/www/nodejs/shopping-cart/seed/productSeeder.js
[Server(3511) file:///var/www/nodejs/shopping-cart] Document changed: file:///var/www/nodejs/shopping-cart/seed/productSeeder.js
[Server(3509) file:///var/www/nodejs/shopping-cart] Document changed: file:///var/www/nodejs/shopping-cart/seed/productSeeder.js
[Server(3510) file:///var/www/nodejs/shopping-cart] Document changed: file:///var/www/nodejs/shopping-cart/seed/productSeeder.js
[Server(3511) file:///var/www/nodejs/shopping-cart] Document changed: file:///var/www/nodejs/shopping-cart/seed/productSeeder.js
[Server(3509) file:///var/www/nodejs/shopping-cart] Document changed: file:///var/www/nodejs/shopping-cart/seed/productSeeder.js
[Server(3510) file:///var/www/nodejs/shopping-cart] Document changed: file:///var/www/nodejs/shopping-cart/seed/productSeeder.js
[Server(3509) file:///var/www/nodejs/shopping-cart] Document changed: file:///var/www/nodejs/shopping-cart/seed/productSeeder.js
[Server(3511) file:///var/www/nodejs/shopping-cart] Document changed: file:///var/www/nodejs/shopping-cart/seed/productSeeder.js
[Server(3510) file:///var/www/nodejs/shopping-cart] Document changed: file:///var/www/nodejs/shopping-cart/seed/productSeeder.js
[Server(3511) file:///var/www/nodejs/shopping-cart] Document changed: file:///var/www/nodejs/shopping-cart/seed/productSeeder.js
[Server(3509) file:///var/www/nodejs/shopping-cart] Document changed: file:///var/www/nodejs/shopping-cart/seed/productSeeder.js
[Server(3510) file:///var/www/nodejs/shopping-cart] Document changed: file:///var/www/nodejs/shopping-cart/seed/productSeeder.js
[Server(3511) file:///var/www/nodejs/shopping-cart] Document changed: file:///var/www/nodejs/shopping-cart/seed/productSeeder.js
[Server(3509) file:///var/www/nodejs/shopping-cart] Document changed: file:///var/www/nodejs/shopping-cart/seed/productSeeder.js
[Server(3510) file:///var/www/nodejs/shopping-cart] Document changed: file:///var/www/nodejs/shopping-cart/seed/productSeeder.js
[Server(3511) file:///var/www/nodejs/shopping-cart] Document changed: file:///var/www/nodejs/shopping-cart/seed/productSeeder.js
[Server(3509) file:///var/www/nodejs/shopping-cart] Document changed: file:///var/www/nodejs/shopping-cart/seed/productSeeder.js
[Server(3510) file:///var/www/nodejs/shopping-cart] Document changed: file:///var/www/nodejs/shopping-cart/seed/productSeeder.js
[Server(3511) file:///var/www/nodejs/shopping-cart] Document changed: file:///var/www/nodejs/shopping-cart/seed/productSeeder.js
[Server(3509) file:///var/www/nodejs/shopping-cart] Document changed: file:///var/www/nodejs/shopping-cart/seed/productSeeder.js
[Server(3510) file:///var/www/nodejs/shopping-cart] Document changed: file:///var/www/nodejs/shopping-cart/seed/productSeeder.js
[Server(3511) file:///var/www/nodejs/shopping-cart] Document changed: file:///var/www/nodejs/shopping-cart/seed/productSeeder.js
[Server(3509) file:///var/www/nodejs/shopping-cart] Document changed: file:///var/www/nodejs/shopping-cart/seed/productSeeder.js
[Server(3510) file:///var/www/nodejs/shopping-cart] Document changed: file:///var/www/nodejs/shopping-cart/seed/productSeeder.js
[Server(3511) file:///var/www/nodejs/shopping-cart] Document changed: file:///var/www/nodejs/shopping-cart/seed/productSeeder.js
[Server(3509) file:///var/www/nodejs/shopping-cart] Document changed: file:///var/www/nodejs/shopping-cart/seed/productSeeder.js
[Server(3510) file:///var/www/nodejs/shopping-cart] Document changed: file:///var/www/nodejs/shopping-cart/seed/productSeeder.js
[Server(3511) file:///var/www/nodejs/shopping-cart] Document changed: file:///var/www/nodejs/shopping-cart/seed/productSeeder.js
[Server(3509) file:///var/www/nodejs/shopping-cart] Document changed: file:///var/www/nodejs/shopping-cart/seed/productSeeder.js
[Server(3510) file:///var/www/nodejs/shopping-cart] Document changed: file:///var/www/nodejs/shopping-cart/seed/productSeeder.js
[Server(3511) file:///var/www/nodejs/shopping-cart] Document changed: file:///var/www/nodejs/shopping-cart/seed/productSeeder.js
[Server(3509) file:///var/www/nodejs/shopping-cart] Document changed: file:///var/www/nodejs/shopping-cart/seed/productSeeder.js
[Server(3510) file:///var/www/nodejs/shopping-cart] Document changed: file:///var/www/nodejs/shopping-cart/seed/productSeeder.js
[Server(3511) file:///var/www/nodejs/shopping-cart] Document changed: file:///var/www/nodejs/shopping-cart/seed/productSeeder.js
[Server(3509) file:///var/www/nodejs/shopping-cart] Document changed: file:///var/www/nodejs/shopping-cart/seed/productSeeder.js
[Server(3510) file:///var/www/nodejs/shopping-cart] Document changed: file:///var/www/nodejs/shopping-cart/seed/productSeeder.js
[Server(3509) file:///var/www/nodejs/shopping-cart] Document changed: file:///var/www/nodejs/shopping-cart/seed/productSeeder.js
[Server(3511) file:///var/www/nodejs/shopping-cart] Document changed: file:///var/www/nodejs/shopping-cart/seed/productSeeder.js
[Server(3510) file:///var/www/nodejs/shopping-cart] Document changed: file:///var/www/nodejs/shopping-cart/seed/productSeeder.js
[Server(3511) file:///var/www/nodejs/shopping-cart] Document changed: file:///var/www/nodejs/shopping-cart/seed/productSeeder.js
[Server(3509) file:///var/www/nodejs/shopping-cart] Document changed: file:///var/www/nodejs/shopping-cart/seed/productSeeder.js
[Server(3511) file:///var/www/nodejs/shopping-cart] Document changed: file:///var/www/nodejs/shopping-cart/seed/productSeeder.js
[Server(3510) file:///var/www/nodejs/shopping-cart] Document changed: file:///var/www/nodejs/shopping-cart/seed/productSeeder.js
[Server(3509) file:///var/www/nodejs/shopping-cart] Document changed: file:///var/www/nodejs/shopping-cart/seed/productSeeder.js
[Server(3510) file:///var/www/nodejs/shopping-cart] Document changed: file:///var/www/nodejs/shopping-cart/seed/productSeeder.js
[Server(3511) file:///var/www/nodejs/shopping-cart] Document changed: file:///var/www/nodejs/shopping-cart/seed/productSeeder.js
[Server(3509) file:///var/www/nodejs/shopping-cart] Document changed: file:///var/www/nodejs/shopping-cart/seed/productSeeder.js
[Server(3510) file:///var/www/nodejs/shopping-cart] Document changed: file:///var/www/nodejs/shopping-cart/seed/productSeeder.js
[Server(3511) file:///var/www/nodejs/shopping-cart] Document changed: file:///var/www/nodejs/shopping-cart/seed/productSeeder.js
[Server(3509) file:///var/www/nodejs/shopping-cart] Document changed: file:///var/www/nodejs/shopping-cart/seed/productSeeder.js
[Server(3510) file:///var/www/nodejs/shopping-cart] Document changed: file:///var/www/nodejs/shopping-cart/seed/productSeeder.js
[Server(3511) file:///var/www/nodejs/shopping-cart] Document changed: file:///var/www/nodejs/shopping-cart/seed/productSeeder.js
[Server(3509) file:///var/www/nodejs/shopping-cart] Document changed: file:///var/www/nodejs/shopping-cart/seed/productSeeder.js
[Server(3510) file:///var/www/nodejs/shopping-cart] Document changed: file:///var/www/nodejs/shopping-cart/seed/productSeeder.js
[Server(3511) file:///var/www/nodejs/shopping-cart] Document changed: file:///var/www/nodejs/shopping-cart/seed/productSeeder.js
[Server(3509) file:///var/www/nodejs/shopping-cart] Document changed: file:///var/www/nodejs/shopping-cart/seed/productSeeder.js
[Server(3510) file:///var/www/nodejs/shopping-cart] Document changed: file:///var/www/nodejs/shopping-cart/seed/productSeeder.js
[Server(3511) file:///var/www/nodejs/shopping-cart] Document changed: file:///var/www/nodejs/shopping-cart/seed/productSeeder.js
[Server(3509) file:///var/www/nodejs/shopping-cart] Document changed: file:///var/www/nodejs/shopping-cart/seed/productSeeder.js
[Server(3510) file:///var/www/nodejs/shopping-cart] Document changed: file:///var/www/nodejs/shopping-cart/seed/productSeeder.js
[Server(3511) file:///var/www/nodejs/shopping-cart] Document changed: file:///var/www/nodejs/shopping-cart/seed/productSeeder.js
[Server(3509) file:///var/www/nodejs/shopping-cart] Document changed: file:///var/www/nodejs/shopping-cart/seed/productSeeder.js
[Server(3511) file:///var/www/nodejs/shopping-cart] Document changed: file:///var/www/nodejs/shopping-cart/seed/productSeeder.js
[Server(3510) file:///var/www/nodejs/shopping-cart] Document changed: file:///var/www/nodejs/shopping-cart/seed/productSeeder.js
[Server(3509) file:///var/www/nodejs/shopping-cart] Document changed: file:///var/www/nodejs/shopping-cart/seed/productSeeder.js
[Server(3510) file:///var/www/nodejs/shopping-cart] Document changed: file:///var/www/nodejs/shopping-cart/seed/productSeeder.js
[Server(3511) file:///var/www/nodejs/shopping-cart] Document changed: file:///var/www/nodejs/shopping-cart/seed/productSeeder.js
[Server(3509) file:///var/www/nodejs/shopping-cart] Document changed: file:///var/www/nodejs/shopping-cart/seed/productSeeder.js
[Server(3510) file:///var/www/nodejs/shopping-cart] Document changed: file:///var/www/nodejs/shopping-cart/seed/productSeeder.js
[Server(3511) file:///var/www/nodejs/shopping-cart] Document changed: file:///var/www/nodejs/shopping-cart/seed/productSeeder.js
[Server(3509) file:///var/www/nodejs/shopping-cart] Document changed: file:///var/www/nodejs/shopping-cart/seed/productSeeder.js
[Server(3510) file:///var/www/nodejs/shopping-cart] Document changed: file:///var/www/nodejs/shopping-cart/seed/productSeeder.js
[Server(3511) file:///var/www/nodejs/shopping-cart] Document changed: file:///var/www/nodejs/shopping-cart/seed/productSeeder.js
[Server(3509) file:///var/www/nodejs/shopping-cart] Document changed: file:///var/www/nodejs/shopping-cart/seed/productSeeder.js
[Server(3510) file:///var/www/nodejs/shopping-cart] Document changed: file:///var/www/nodejs/shopping-cart/seed/productSeeder.js
[Server(3511) file:///var/www/nodejs/shopping-cart] Document changed: file:///var/www/nodejs/shopping-cart/seed/productSeeder.js
[Server(3509) file:///var/www/nodejs/shopping-cart] Document changed: file:///var/www/nodejs/shopping-cart/seed/productSeeder.js
[Server(3510) file:///var/www/nodejs/shopping-cart] Document changed: file:///var/www/nodejs/shopping-cart/seed/productSeeder.js
[Server(3511) file:///var/www/nodejs/shopping-cart] Document changed: file:///var/www/nodejs/shopping-cart/seed/productSeeder.js
[Server(3509) file:///var/www/nodejs/shopping-cart] Document changed: file:///var/www/nodejs/shopping-cart/seed/productSeeder.js
[Server(3510) file:///var/www/nodejs/shopping-cart] Document changed: file:///var/www/nodejs/shopping-cart/seed/productSeeder.js
[Server(3511) file:///var/www/nodejs/shopping-cart] Document changed: file:///var/www/nodejs/shopping-cart/seed/productSeeder.js
[Server(3509) file:///var/www/nodejs/shopping-cart] Document changed: file:///var/www/nodejs/shopping-cart/seed/productSeeder.js
[Server(3510) file:///var/www/nodejs/shopping-cart] Document changed: file:///var/www/nodejs/shopping-cart/seed/productSeeder.js
[Server(3511) file:///var/www/nodejs/shopping-cart] Document changed: file:///var/www/nodejs/shopping-cart/seed/productSeeder.js
[Server(3509) file:///var/www/nodejs/shopping-cart] Document changed: file:///var/www/nodejs/shopping-cart/seed/productSeeder.js
[Server(3510) file:///var/www/nodejs/shopping-cart] Document changed: file:///var/www/nodejs/shopping-cart/seed/productSeeder.js
[Server(3511) file:///var/www/nodejs/shopping-cart] Document changed: file:///var/www/nodejs/shopping-cart/seed/productSeeder.js
[Server(3509) file:///var/www/nodejs/shopping-cart] Document changed: file:///var/www/nodejs/shopping-cart/seed/productSeeder.js
[Server(3510) file:///var/www/nodejs/shopping-cart] Document changed: file:///var/www/nodejs/shopping-cart/seed/productSeeder.js
[Server(3511) file:///var/www/nodejs/shopping-cart] Document changed: file:///var/www/nodejs/shopping-cart/seed/productSeeder.js
[Server(3509) file:///var/www/nodejs/shopping-cart] Document changed: file:///var/www/nodejs/shopping-cart/seed/productSeeder.js
[Server(3510) file:///var/www/nodejs/shopping-cart] Document changed: file:///var/www/nodejs/shopping-cart/seed/productSeeder.js
[Server(3511) file:///var/www/nodejs/shopping-cart] Document changed: file:///var/www/nodejs/shopping-cart/seed/productSeeder.js
[Server(3509) file:///var/www/nodejs/shopping-cart] Document changed: file:///var/www/nodejs/shopping-cart/seed/productSeeder.js
[Server(3509) file:///var/www/nodejs/shopping-cart] Document changed: file:///var/www/nodejs/shopping-cart/seed/productSeeder.js
[Server(3511) file:///var/www/nodejs/shopping-cart] Document changed: file:///var/www/nodejs/shopping-cart/seed/productSeeder.js
[Server(3510) file:///var/www/nodejs/shopping-cart] Document changed: file:///var/www/nodejs/shopping-cart/seed/productSeeder.js
[Server(3511) file:///var/www/nodejs/shopping-cart] Document changed: file:///var/www/nodejs/shopping-cart/seed/productSeeder.js
[Server(3510) file:///var/www/nodejs/shopping-cart] Document changed: file:///var/www/nodejs/shopping-cart/seed/productSeeder.js
[Server(3509) file:///var/www/nodejs/shopping-cart] Document changed: file:///var/www/nodejs/shopping-cart/seed/productSeeder.js
[Server(3510) file:///var/www/nodejs/shopping-cart] Document changed: file:///var/www/nodejs/shopping-cart/seed/productSeeder.js
[Server(3511) file:///var/www/nodejs/shopping-cart] Document changed: file:///var/www/nodejs/shopping-cart/seed/productSeeder.js
[Server(3509) file:///var/www/nodejs/shopping-cart] Document changed: file:///var/www/nodejs/shopping-cart/seed/productSeeder.js
Invalid Selector...
Invalid Selector...
Invalid Selector...
