[2019-07-15 21:34:42.224] [exthost] [info] extension host started
[2019-07-15 21:34:42.267] [exthost] [info] ExtensionService#_doActivateExtension vscode.debug-auto-launch {"startup":true,"activationEvent":"*"}
[2019-07-15 21:34:42.267] [exthost] [info] ExtensionService#loadCommonJSModule /usr/share/code/resources/app/extensions/debug-auto-launch/dist/extension
[2019-07-15 21:34:42.277] [exthost] [info] ExtensionService#_doActivateExtension vscode.emmet {"startup":true,"activationEvent":"*"}
[2019-07-15 21:34:42.277] [exthost] [info] ExtensionService#loadCommonJSModule /usr/share/code/resources/app/extensions/emmet/dist/extension
[2019-07-15 21:34:42.325] [exthost] [info] ExtensionService#_doActivateExtension vscode.git {"startup":true,"activationEvent":"*"}
[2019-07-15 21:34:42.325] [exthost] [info] ExtensionService#loadCommonJSModule /usr/share/code/resources/app/extensions/git/dist/main
[2019-07-15 21:34:42.535] [exthost] [info] ExtensionService#_doActivateExtension vscode.merge-conflict {"startup":true,"activationEvent":"*"}
[2019-07-15 21:34:42.535] [exthost] [info] ExtensionService#loadCommonJSModule /usr/share/code/resources/app/extensions/merge-conflict/dist/extension
[2019-07-15 21:34:42.548] [exthost] [info] ExtensionService#_doActivateExtension bierner.color-info {"startup":true,"activationEvent":"*"}
[2019-07-15 21:34:42.549] [exthost] [info] ExtensionService#loadCommonJSModule /home/admin123/.vscode/extensions/bierner.color-info-0.5.1/out/src/extension
[2019-07-15 21:34:42.679] [exthost] [info] ExtensionService#_doActivateExtension dbaeumer.vscode-eslint {"startup":true,"activationEvent":"*"}
[2019-07-15 21:34:42.679] [exthost] [info] ExtensionService#loadCommonJSModule /home/admin123/.vscode/extensions/dbaeumer.vscode-eslint-1.9.0/client/out/extension
[2019-07-15 21:34:42.759] [exthost] [info] ExtensionService#_doActivateExtension EditorConfig.EditorConfig {"startup":true,"activationEvent":"*"}
[2019-07-15 21:34:42.759] [exthost] [info] ExtensionService#loadCommonJSModule /home/admin123/.vscode/extensions/editorconfig.editorconfig-0.13.0/out/src/editorConfigMain
[2019-07-15 21:34:42.826] [exthost] [info] ExtensionService#_doActivateExtension formulahendry.auto-close-tag {"startup":true,"activationEvent":"*"}
[2019-07-15 21:34:42.826] [exthost] [info] ExtensionService#loadCommonJSModule /home/admin123/.vscode/extensions/formulahendry.auto-close-tag-0.5.6/out/src/extension
[2019-07-15 21:34:42.829] [exthost] [info] ExtensionService#_doActivateExtension formulahendry.auto-rename-tag {"startup":true,"activationEvent":"*"}
[2019-07-15 21:34:42.829] [exthost] [info] ExtensionService#loadCommonJSModule /home/admin123/.vscode/extensions/formulahendry.auto-rename-tag-0.1.0/out/src/extension
[2019-07-15 21:34:42.835] [exthost] [info] ExtensionService#_doActivateExtension pranaygp.vscode-css-peek {"startup":true,"activationEvent":"*"}
[2019-07-15 21:34:42.835] [exthost] [info] ExtensionService#loadCommonJSModule /home/admin123/.vscode/extensions/pranaygp.vscode-css-peek-3.0.2/out/client/src/extension
[2019-07-15 21:34:42.930] [exthost] [info] ExtensionService#_doActivateExtension vscode-icons-team.vscode-icons {"startup":true,"activationEvent":"*"}
[2019-07-15 21:34:42.930] [exthost] [info] ExtensionService#loadCommonJSModule /home/admin123/.vscode/extensions/vscode-icons-team.vscode-icons-8.8.0/out/src/
[2019-07-15 21:34:43.070] [exthost] [info] eager extensions activated
[2019-07-15 21:34:57.970] [exthost] [info] extension host started
[2019-07-15 21:34:58.081] [exthost] [info] ExtensionService#_doActivateExtension vscode.html-language-features {"startup":false,"activationEvent":"onLanguage:handlebars"}
[2019-07-15 21:34:58.081] [exthost] [info] ExtensionService#loadCommonJSModule /usr/share/code/resources/app/extensions/html-language-features/client/dist/htmlMain
[2019-07-15 21:34:58.212] [exthost] [info] ExtensionService#_doActivateExtension vscode.typescript-language-features {"startup":false,"activationEvent":"onLanguage:javascript"}
[2019-07-15 21:34:58.212] [exthost] [info] ExtensionService#loadCommonJSModule /usr/share/code/resources/app/extensions/typescript-language-features/dist/extension
[2019-07-15 21:34:58.346] [exthost] [info] ExtensionService#_doActivateExtension vscode.debug-auto-launch {"startup":true,"activationEvent":"*"}
[2019-07-15 21:34:58.346] [exthost] [info] ExtensionService#loadCommonJSModule /usr/share/code/resources/app/extensions/debug-auto-launch/dist/extension
[2019-07-15 21:34:58.350] [exthost] [info] ExtensionService#_doActivateExtension vscode.emmet {"startup":true,"activationEvent":"*"}
[2019-07-15 21:34:58.350] [exthost] [info] ExtensionService#loadCommonJSModule /usr/share/code/resources/app/extensions/emmet/dist/extension
[2019-07-15 21:34:58.377] [exthost] [info] ExtensionService#_doActivateExtension vscode.git {"startup":true,"activationEvent":"*"}
[2019-07-15 21:34:58.377] [exthost] [info] ExtensionService#loadCommonJSModule /usr/share/code/resources/app/extensions/git/dist/main
[2019-07-15 21:34:58.567] [exthost] [info] ExtensionService#_doActivateExtension vscode.merge-conflict {"startup":true,"activationEvent":"*"}
[2019-07-15 21:34:58.567] [exthost] [info] ExtensionService#loadCommonJSModule /usr/share/code/resources/app/extensions/merge-conflict/dist/extension
[2019-07-15 21:34:58.576] [exthost] [info] ExtensionService#_doActivateExtension bierner.color-info {"startup":true,"activationEvent":"*"}
[2019-07-15 21:34:58.576] [exthost] [info] ExtensionService#loadCommonJSModule /home/admin123/.vscode/extensions/bierner.color-info-0.5.1/out/src/extension
[2019-07-15 21:34:58.628] [exthost] [info] ExtensionService#_doActivateExtension dbaeumer.vscode-eslint {"startup":true,"activationEvent":"*"}
[2019-07-15 21:34:58.628] [exthost] [info] ExtensionService#loadCommonJSModule /home/admin123/.vscode/extensions/dbaeumer.vscode-eslint-1.9.0/client/out/extension
[2019-07-15 21:34:58.685] [exthost] [info] ExtensionService#_doActivateExtension EditorConfig.EditorConfig {"startup":true,"activationEvent":"*"}
[2019-07-15 21:34:58.685] [exthost] [info] ExtensionService#loadCommonJSModule /home/admin123/.vscode/extensions/editorconfig.editorconfig-0.13.0/out/src/editorConfigMain
[2019-07-15 21:34:58.720] [exthost] [info] ExtensionService#_doActivateExtension formulahendry.auto-close-tag {"startup":true,"activationEvent":"*"}
[2019-07-15 21:34:58.720] [exthost] [info] ExtensionService#loadCommonJSModule /home/admin123/.vscode/extensions/formulahendry.auto-close-tag-0.5.6/out/src/extension
[2019-07-15 21:34:58.722] [exthost] [info] ExtensionService#_doActivateExtension formulahendry.auto-rename-tag {"startup":true,"activationEvent":"*"}
[2019-07-15 21:34:58.722] [exthost] [info] ExtensionService#loadCommonJSModule /home/admin123/.vscode/extensions/formulahendry.auto-rename-tag-0.1.0/out/src/extension
[2019-07-15 21:34:58.725] [exthost] [info] ExtensionService#_doActivateExtension pranaygp.vscode-css-peek {"startup":true,"activationEvent":"*"}
[2019-07-15 21:34:58.725] [exthost] [info] ExtensionService#loadCommonJSModule /home/admin123/.vscode/extensions/pranaygp.vscode-css-peek-3.0.2/out/client/src/extension
[2019-07-15 21:34:58.784] [exthost] [info] ExtensionService#_doActivateExtension vscode-icons-team.vscode-icons {"startup":true,"activationEvent":"*"}
[2019-07-15 21:34:58.784] [exthost] [info] ExtensionService#loadCommonJSModule /home/admin123/.vscode/extensions/vscode-icons-team.vscode-icons-8.8.0/out/src/
[2019-07-15 21:34:58.906] [exthost] [info] eager extensions activated
[2019-07-15 21:41:30.887] [exthost] [info] ExtensionService#_doActivateExtension vscode.extension-editing {"startup":false,"activationEvent":"onLanguage:typescript"}
[2019-07-15 21:41:30.887] [exthost] [info] ExtensionService#loadCommonJSModule /usr/share/code/resources/app/extensions/extension-editing/dist/extension
