Initializing document watcher...
Detected change in configuration: {}
shopping-cart/app.js: {}
shopping-cart/app.js: {}
shopping-cart/views/index.hbs: {}
shopping-cart/views/index.hbs: Using EditorConfig core...
shopping-cart/views/index.hbs: Using EditorConfig core...
shopping-cart/views/index.hbs: Using EditorConfig core...
shopping-cart/views/index.hbs: Using EditorConfig core...
shopping-cart/views/index.hbs: Using EditorConfig core...
shopping-cart/views/index.hbs: Using EditorConfig core...
shopping-cart/views/index.hbs: Using EditorConfig core...
shopping-cart/views/index.hbs: Using EditorConfig core...
shopping-cart/views/index.hbs: {}
shopping-cart/views/index.hbs: {}
shopping-cart/app.js: {}
shopping-cart/app.js: Using EditorConfig core...
shopping-cart/app.js: Using EditorConfig core...
shopping-cart/app.js: Using EditorConfig core...
shopping-cart/app.js: Using EditorConfig core...
shopping-cart/app.js: Using EditorConfig core...
shopping-cart/app.js: {}
shopping-cart/views/layout.hbs: {}
shopping-cart/views/layout.hbs: {}
shopping-cart/views/layout.hbs: Using EditorConfig core...
shopping-cart/views/layout.hbs: Using EditorConfig core...
shopping-cart/views/layout.hbs: Using EditorConfig core...
shopping-cart/views/layout.hbs: Using EditorConfig core...
shopping-cart/views/layout.hbs: Using EditorConfig core...
shopping-cart/views/layout.hbs: Using EditorConfig core...
shopping-cart/views/layout.hbs: Using EditorConfig core...
shopping-cart/views/layout.hbs: Using EditorConfig core...
shopping-cart/views/layout.hbs: Using EditorConfig core...
shopping-cart/views/layout.hbs: Using EditorConfig core...
shopping-cart/views/layout.hbs: Using EditorConfig core...
shopping-cart/views/layout.hbs: Using EditorConfig core...
shopping-cart/views/layout.hbs: Using EditorConfig core...
shopping-cart/views/layout.hbs: Using EditorConfig core...
shopping-cart/views/layout.hbs: Using EditorConfig core...
shopping-cart/views/layout.hbs: Using EditorConfig core...
shopping-cart/views/layout.hbs: Using EditorConfig core...
shopping-cart/views/index.hbs: {}
shopping-cart/views/index.hbs: {}
shopping-cart/views/partials/header.hbs: {}
shopping-cart/views/partials/header.hbs: {}
shopping-cart/views/partials/header.hbs: Using EditorConfig core...
shopping-cart/views/partials/header.hbs: Using EditorConfig core...
shopping-cart/views/partials/header.hbs: Using EditorConfig core...
shopping-cart/views/partials/header.hbs: Using EditorConfig core...
shopping-cart/views/partials/header.hbs: Using EditorConfig core...
shopping-cart/views/partials/header.hbs: Using EditorConfig core...
shopping-cart/views/partials/header.hbs: Using EditorConfig core...
shopping-cart/views/partials/header.hbs: {}
shopping-cart/app.js: {}
shopping-cart/app.js: {}
shopping-cart/app.js: Using EditorConfig core...
shopping-cart/app.js: Using EditorConfig core...
shopping-cart/app.js: Using EditorConfig core...
shopping-cart/app.js: Using EditorConfig core...
shopping-cart/app.js: Using EditorConfig core...
shopping-cart/app.js: Using EditorConfig core...
shopping-cart/app.js: Using EditorConfig core...
shopping-cart/app.js: Using EditorConfig core...
shopping-cart/app.js: Using EditorConfig core...
shopping-cart/app.js: Using EditorConfig core...
shopping-cart/app.js: Using EditorConfig core...
shopping-cart/app.js: Using EditorConfig core...
shopping-cart/app.js: Using EditorConfig core...
shopping-cart/app.js: Using EditorConfig core...
shopping-cart/app.js: Using EditorConfig core...
shopping-cart/app.js: Using EditorConfig core...
shopping-cart/app.js: Using EditorConfig core...
shopping-cart/app.js: Using EditorConfig core...
shopping-cart/app.js: Using EditorConfig core...
shopping-cart/app.js: Using EditorConfig core...
shopping-cart/app.js: Using EditorConfig core...
shopping-cart/app.js: Using EditorConfig core...
shopping-cart/app.js: Using EditorConfig core...
shopping-cart/app.js: {}
shopping-cart/app.js: {}
shopping-cart/app.js: {}
shopping-cart/app.js: {}
shopping-cart/views/layouts/layout.hbs: {}
shopping-cart/views/layouts/layout.hbs: Using EditorConfig core...
shopping-cart/views/layouts/layout.hbs: Using EditorConfig core...
shopping-cart/views/layouts/layout.hbs: Using EditorConfig core...
shopping-cart/views/layouts/layout.hbs: Using EditorConfig core...
shopping-cart/views/layouts/layout.hbs: Using EditorConfig core...
shopping-cart/views/layouts/layout.hbs: Using EditorConfig core...
shopping-cart/views/layouts/layout.hbs: Using EditorConfig core...
shopping-cart/views/layouts/layout.hbs: Using EditorConfig core...
shopping-cart/views/layouts/layout.hbs: Using EditorConfig core...
shopping-cart/views/layouts/layout.hbs: {}
shopping-cart/views/layouts/layout.hbs: Using EditorConfig core...
shopping-cart/views/layouts/layout.hbs: Using EditorConfig core...
shopping-cart/views/layouts/layout.hbs: Using EditorConfig core...
shopping-cart/views/layouts/layout.hbs: Using EditorConfig core...
shopping-cart/views/layouts/layout.hbs: Using EditorConfig core...
shopping-cart/views/layouts/layout.hbs: Using EditorConfig core...
shopping-cart/views/layouts/layout.hbs: {}
shopping-cart/views/layouts/layout.hbs: Using EditorConfig core...
shopping-cart/views/layouts/layout.hbs: Using EditorConfig core...
shopping-cart/views/layouts/layout.hbs: Using EditorConfig core...
shopping-cart/views/layouts/layout.hbs: Using EditorConfig core...
shopping-cart/views/layouts/layout.hbs: Using EditorConfig core...
shopping-cart/views/layouts/layout.hbs: Using EditorConfig core...
shopping-cart/views/layouts/layout.hbs: Using EditorConfig core...
shopping-cart/views/layouts/layout.hbs: Using EditorConfig core...
shopping-cart/views/layouts/layout.hbs: {}
shopping-cart/views/layouts/layout.hbs: {}
shopping-cart/app.js: {}
shopping-cart/app.js: Using EditorConfig core...
shopping-cart/app.js: Using EditorConfig core...
shopping-cart/app.js: Using EditorConfig core...
shopping-cart/app.js: Using EditorConfig core...
shopping-cart/app.js: Using EditorConfig core...
shopping-cart/app.js: Using EditorConfig core...
shopping-cart/app.js: Using EditorConfig core...
shopping-cart/app.js: Using EditorConfig core...
shopping-cart/app.js: Using EditorConfig core...
shopping-cart/app.js: Using EditorConfig core...
shopping-cart/app.js: Using EditorConfig core...
shopping-cart/app.js: {}
shopping-cart/app.js: Using EditorConfig core...
shopping-cart/app.js: Using EditorConfig core...
shopping-cart/app.js: Using EditorConfig core...
shopping-cart/app.js: Using EditorConfig core...
shopping-cart/app.js: Using EditorConfig core...
shopping-cart/app.js: Using EditorConfig core...
shopping-cart/app.js: Using EditorConfig core...
shopping-cart/app.js: Using EditorConfig core...
shopping-cart/app.js: Using EditorConfig core...
shopping-cart/app.js: {}
shopping-cart/app.js: {}
shopping-cart/app.js: Using EditorConfig core...
shopping-cart/app.js: Using EditorConfig core...
shopping-cart/app.js: Using EditorConfig core...
shopping-cart/app.js: Using EditorConfig core...
shopping-cart/app.js: Using EditorConfig core...
shopping-cart/app.js: Using EditorConfig core...
shopping-cart/app.js: Using EditorConfig core...
shopping-cart/app.js: Using EditorConfig core...
shopping-cart/app.js: Using EditorConfig core...
shopping-cart/app.js: Using EditorConfig core...
shopping-cart/app.js: Using EditorConfig core...
shopping-cart/app.js: Using EditorConfig core...
shopping-cart/app.js: Using EditorConfig core...
shopping-cart/app.js: {}
shopping-cart/app.js: Using EditorConfig core...
shopping-cart/app.js: Using EditorConfig core...
shopping-cart/app.js: Using EditorConfig core...
shopping-cart/app.js: Using EditorConfig core...
shopping-cart/app.js: Using EditorConfig core...
shopping-cart/app.js: Using EditorConfig core...
shopping-cart/app.js: Using EditorConfig core...
shopping-cart/app.js: {}
shopping-cart/app.js: {}
shopping-cart/app.js: Using EditorConfig core...
shopping-cart/app.js: Using EditorConfig core...
shopping-cart/app.js: Using EditorConfig core...
shopping-cart/app.js: Using EditorConfig core...
shopping-cart/app.js: Using EditorConfig core...
shopping-cart/app.js: Using EditorConfig core...
shopping-cart/app.js: {}
shopping-cart/views/partials/header.hbs: {}
shopping-cart/views/partials/header.hbs: {}
shopping-cart/views/partials/header.hbs: Using EditorConfig core...
shopping-cart/views/partials/header.hbs: Using EditorConfig core...
shopping-cart/views/partials/header.hbs: Using EditorConfig core...
shopping-cart/views/partials/header.hbs: Using EditorConfig core...
shopping-cart/views/partials/header.hbs: Using EditorConfig core...
shopping-cart/views/partials/header.hbs: {}
shopping-cart/views/partials/header.hbs: Using EditorConfig core...
shopping-cart/views/partials/header.hbs: Using EditorConfig core...
shopping-cart/views/partials/header.hbs: Using EditorConfig core...
shopping-cart/views/partials/header.hbs: Using EditorConfig core...
shopping-cart/views/partials/header.hbs: Using EditorConfig core...
shopping-cart/views/partials/header.hbs: Using EditorConfig core...
shopping-cart/views/partials/header.hbs: Using EditorConfig core...
shopping-cart/views/partials/header.hbs: Using EditorConfig core...
shopping-cart/views/partials/header.hbs: {}
shopping-cart/views/layouts/layout.hbs: {}
shopping-cart/views/layouts/layout.hbs: {}
shopping-cart/views/partials/header.hbs: {}
shopping-cart/views/partials/header.hbs: Using EditorConfig core...
shopping-cart/views/partials/header.hbs: Using EditorConfig core...
shopping-cart/views/partials/header.hbs: Using EditorConfig core...
shopping-cart/views/partials/header.hbs: Using EditorConfig core...
shopping-cart/views/partials/header.hbs: Using EditorConfig core...
shopping-cart/views/partials/header.hbs: Using EditorConfig core...
shopping-cart/views/partials/header.hbs: Using EditorConfig core...
shopping-cart/views/partials/header.hbs: Using EditorConfig core...
shopping-cart/views/partials/header.hbs: Using EditorConfig core...
shopping-cart/views/partials/header.hbs: Using EditorConfig core...
shopping-cart/views/partials/header.hbs: Using EditorConfig core...
shopping-cart/views/partials/header.hbs: Using EditorConfig core...
shopping-cart/views/partials/header.hbs: {}
shopping-cart/views/partials/header.hbs: Using EditorConfig core...
shopping-cart/views/partials/header.hbs: Using EditorConfig core...
shopping-cart/views/partials/header.hbs: Using EditorConfig core...
shopping-cart/views/partials/header.hbs: Using EditorConfig core...
shopping-cart/views/partials/header.hbs: Using EditorConfig core...
shopping-cart/views/partials/header.hbs: Using EditorConfig core...
shopping-cart/views/partials/header.hbs: Using EditorConfig core...
shopping-cart/views/partials/header.hbs: Using EditorConfig core...
shopping-cart/views/partials/header.hbs: {}
shopping-cart/views/partials/header.hbs: Using EditorConfig core...
shopping-cart/views/partials/header.hbs: Using EditorConfig core...
shopping-cart/views/partials/header.hbs: Using EditorConfig core...
shopping-cart/views/partials/header.hbs: Using EditorConfig core...
shopping-cart/views/partials/header.hbs: Using EditorConfig core...
shopping-cart/views/partials/header.hbs: Using EditorConfig core...
shopping-cart/views/partials/header.hbs: Using EditorConfig core...
shopping-cart/views/partials/header.hbs: Using EditorConfig core...
shopping-cart/views/partials/header.hbs: Using EditorConfig core...
shopping-cart/views/partials/header.hbs: {}
shopping-cart/views/index.hbs: {}
shopping-cart/views/index.hbs: Using EditorConfig core...
shopping-cart/views/index.hbs: Using EditorConfig core...
shopping-cart/views/index.hbs: Using EditorConfig core...
shopping-cart/views/index.hbs: Using EditorConfig core...
shopping-cart/views/index.hbs: Using EditorConfig core...
shopping-cart/views/index.hbs: Using EditorConfig core...
shopping-cart/views/index.hbs: Using EditorConfig core...
shopping-cart/views/index.hbs: Using EditorConfig core...
shopping-cart/views/index.hbs: {}
shopping-cart/views/index.hbs: Using EditorConfig core...
shopping-cart/views/index.hbs: Using EditorConfig core...
shopping-cart/views/index.hbs: Using EditorConfig core...
shopping-cart/views/index.hbs: Using EditorConfig core...
shopping-cart/views/index.hbs: Using EditorConfig core...
shopping-cart/views/index.hbs: Using EditorConfig core...
shopping-cart/views/index.hbs: Using EditorConfig core...
shopping-cart/views/index.hbs: Using EditorConfig core...
shopping-cart/views/index.hbs: Using EditorConfig core...
shopping-cart/views/index.hbs: {}
shopping-cart/public/stylesheets/style.css: {}
shopping-cart/public/stylesheets/style.css: Using EditorConfig core...
shopping-cart/public/stylesheets/style.css: Using EditorConfig core...
shopping-cart/public/stylesheets/style.css: Using EditorConfig core...
shopping-cart/public/stylesheets/style.css: Using EditorConfig core...
shopping-cart/public/stylesheets/style.css: Using EditorConfig core...
shopping-cart/public/stylesheets/style.css: Using EditorConfig core...
shopping-cart/public/stylesheets/style.css: Using EditorConfig core...
shopping-cart/public/stylesheets/style.css: Using EditorConfig core...
shopping-cart/public/stylesheets/style.css: Using EditorConfig core...
shopping-cart/public/stylesheets/style.css: Using EditorConfig core...
shopping-cart/public/stylesheets/style.css: Using EditorConfig core...
shopping-cart/public/stylesheets/style.css: Using EditorConfig core...
shopping-cart/public/stylesheets/style.css: Using EditorConfig core...
shopping-cart/public/stylesheets/style.css: {}
shopping-cart/views/partials/header.hbs: {}
shopping-cart/views/index.hbs: {}
shopping-cart/views/index.hbs: Using EditorConfig core...
shopping-cart/views/index.hbs: Using EditorConfig core...
shopping-cart/views/index.hbs: Using EditorConfig core...
shopping-cart/views/index.hbs: Using EditorConfig core...
shopping-cart/views/index.hbs: Using EditorConfig core...
shopping-cart/views/index.hbs: Using EditorConfig core...
shopping-cart/views/index.hbs: Using EditorConfig core...
shopping-cart/views/index.hbs: {}
shopping-cart/views/index.hbs: Using EditorConfig core...
shopping-cart/views/index.hbs: Using EditorConfig core...
shopping-cart/views/index.hbs: Using EditorConfig core...
shopping-cart/views/index.hbs: Using EditorConfig core...
shopping-cart/views/index.hbs: Using EditorConfig core...
shopping-cart/views/index.hbs: Using EditorConfig core...
shopping-cart/views/index.hbs: Using EditorConfig core...
shopping-cart/public/stylesheets/style.css: {}
shopping-cart/public/stylesheets/style.css: Using EditorConfig core...
shopping-cart/public/stylesheets/style.css: Using EditorConfig core...
shopping-cart/public/stylesheets/style.css: Using EditorConfig core...
shopping-cart/public/stylesheets/style.css: Using EditorConfig core...
shopping-cart/public/stylesheets/style.css: Using EditorConfig core...
shopping-cart/public/stylesheets/style.css: Using EditorConfig core...
shopping-cart/public/stylesheets/style.css: Using EditorConfig core...
shopping-cart/public/stylesheets/style.css: Using EditorConfig core...
shopping-cart/public/stylesheets/style.css: Using EditorConfig core...
shopping-cart/public/stylesheets/style.css: Using EditorConfig core...
shopping-cart/public/stylesheets/style.css: Using EditorConfig core...
shopping-cart/public/stylesheets/style.css: Using EditorConfig core...
shopping-cart/public/stylesheets/style.css: Using EditorConfig core...
shopping-cart/public/stylesheets/style.css: Using EditorConfig core...
shopping-cart/public/stylesheets/style.css: Using EditorConfig core...
shopping-cart/public/stylesheets/style.css: {}
shopping-cart/views/index.hbs: {}
shopping-cart/public/stylesheets/style.css: {}
shopping-cart/public/stylesheets/style.css: {}
shopping-cart/public/stylesheets/style.css: Using EditorConfig core...
shopping-cart/public/stylesheets/style.css: Using EditorConfig core...
shopping-cart/public/stylesheets/style.css: Using EditorConfig core...
shopping-cart/public/stylesheets/style.css: Using EditorConfig core...
shopping-cart/public/stylesheets/style.css: Using EditorConfig core...
shopping-cart/public/stylesheets/style.css: Using EditorConfig core...
shopping-cart/public/stylesheets/style.css: Using EditorConfig core...
shopping-cart/public/stylesheets/style.css: {}
shopping-cart/views/index.hbs: {}
shopping-cart/views/index.hbs: Using EditorConfig core...
shopping-cart/views/index.hbs: Using EditorConfig core...
shopping-cart/views/index.hbs: Using EditorConfig core...
shopping-cart/views/index.hbs: Using EditorConfig core...
shopping-cart/views/index.hbs: {}
shopping-cart/views/index.hbs: Using EditorConfig core...
shopping-cart/views/index.hbs: Using EditorConfig core...
shopping-cart/views/index.hbs: Using EditorConfig core...
shopping-cart/views/index.hbs: Using EditorConfig core...
shopping-cart/views/index.hbs: Using EditorConfig core...
shopping-cart/views/index.hbs: Using EditorConfig core...
shopping-cart/views/index.hbs: Using EditorConfig core...
shopping-cart/views/index.hbs: {}
shopping-cart/views/index.hbs: Using EditorConfig core...
shopping-cart/views/index.hbs: Using EditorConfig core...
shopping-cart/views/index.hbs: Using EditorConfig core...
shopping-cart/views/index.hbs: Using EditorConfig core...
shopping-cart/views/index.hbs: Using EditorConfig core...
shopping-cart/views/index.hbs: Using EditorConfig core...
shopping-cart/views/index.hbs: Using EditorConfig core...
shopping-cart/views/index.hbs: Using EditorConfig core...
shopping-cart/views/index.hbs: Using EditorConfig core...
shopping-cart/views/index.hbs: {}
shopping-cart/views/index.hbs: Using EditorConfig core...
shopping-cart/views/index.hbs: Using EditorConfig core...
shopping-cart/views/index.hbs: Using EditorConfig core...
shopping-cart/views/index.hbs: Using EditorConfig core...
shopping-cart/views/index.hbs: Using EditorConfig core...
shopping-cart/views/index.hbs: Using EditorConfig core...
shopping-cart/views/index.hbs: Using EditorConfig core...
shopping-cart/views/index.hbs: Using EditorConfig core...
shopping-cart/views/index.hbs: Using EditorConfig core...
shopping-cart/views/index.hbs: Using EditorConfig core...
shopping-cart/views/index.hbs: Using EditorConfig core...
shopping-cart/views/index.hbs: {}
shopping-cart/views/index.hbs: Using EditorConfig core...
shopping-cart/views/index.hbs: Using EditorConfig core...
shopping-cart/views/index.hbs: Using EditorConfig core...
shopping-cart/views/index.hbs: Using EditorConfig core...
shopping-cart/views/index.hbs: Using EditorConfig core...
shopping-cart/views/index.hbs: {}
shopping-cart/views/index.hbs: Using EditorConfig core...
shopping-cart/views/index.hbs: Using EditorConfig core...
shopping-cart/views/index.hbs: Using EditorConfig core...
shopping-cart/views/index.hbs: Using EditorConfig core...
shopping-cart/views/index.hbs: Using EditorConfig core...
shopping-cart/views/index.hbs: Using EditorConfig core...
shopping-cart/views/index.hbs: Using EditorConfig core...
shopping-cart/views/index.hbs: Using EditorConfig core...
shopping-cart/views/index.hbs: Using EditorConfig core...
shopping-cart/views/index.hbs: Using EditorConfig core...
shopping-cart/views/index.hbs: Using EditorConfig core...
shopping-cart/views/index.hbs: {}
shopping-cart/views/index.hbs: Using EditorConfig core...
shopping-cart/views/index.hbs: Using EditorConfig core...
shopping-cart/views/index.hbs: Using EditorConfig core...
shopping-cart/views/index.hbs: Using EditorConfig core...
shopping-cart/views/index.hbs: Using EditorConfig core...
shopping-cart/views/index.hbs: Using EditorConfig core...
shopping-cart/views/index.hbs: {}
shopping-cart/views/index.hbs: {}
shopping-cart/app.js: {}
shopping-cart/app.js: {}
shopping-cart/app.js: {}
shopping-cart/models/product.js: {}
shopping-cart/models/product.js: Using EditorConfig core...
shopping-cart/models/product.js: Using EditorConfig core...
shopping-cart/models/product.js: Using EditorConfig core...
shopping-cart/models/product.js: Using EditorConfig core...
shopping-cart/models/product.js: Using EditorConfig core...
shopping-cart/models/product.js: Using EditorConfig core...
shopping-cart/models/product.js: {}
shopping-cart/models/product.js: Using EditorConfig core...
shopping-cart/models/product.js: Using EditorConfig core...
shopping-cart/models/product.js: Using EditorConfig core...
shopping-cart/models/product.js: Using EditorConfig core...
shopping-cart/models/product.js: Using EditorConfig core...
shopping-cart/models/product.js: Using EditorConfig core...
shopping-cart/models/product.js: Using EditorConfig core...
shopping-cart/models/product.js: Using EditorConfig core...
shopping-cart/models/product.js: {}
shopping-cart/seed/productSeeder.js: {}
shopping-cart/seed/productSeeder.js: {}
shopping-cart/seed/productSeeder.js: {}
shopping-cart/seed/productSeeder.js: {}
shopping-cart/seed/productSeeder.js: {}
shopping-cart/seed/productSeeder.js: {}
shopping-cart/seed/productSeeder.js: {}
shopping-cart/seed/productSeeder.js: Using EditorConfig core...
shopping-cart/seed/productSeeder.js: Using EditorConfig core...
shopping-cart/seed/productSeeder.js: Using EditorConfig core...
shopping-cart/seed/productSeeder.js: Using EditorConfig core...
shopping-cart/seed/productSeeder.js: Using EditorConfig core...
shopping-cart/seed/productSeeder.js: Using EditorConfig core...
shopping-cart/seed/productSeeder.js: Using EditorConfig core...
shopping-cart/seed/productSeeder.js: Using EditorConfig core...
shopping-cart/seed/productSeeder.js: Using EditorConfig core...
shopping-cart/seed/productSeeder.js: Using EditorConfig core...
shopping-cart/seed/productSeeder.js: {}
shopping-cart/seed/productSeeder.js: Using EditorConfig core...
shopping-cart/seed/productSeeder.js: Using EditorConfig core...
shopping-cart/seed/productSeeder.js: Using EditorConfig core...
shopping-cart/seed/productSeeder.js: Using EditorConfig core...
shopping-cart/seed/productSeeder.js: Using EditorConfig core...
shopping-cart/seed/productSeeder.js: Using EditorConfig core...
shopping-cart/seed/productSeeder.js: Using EditorConfig core...
shopping-cart/seed/productSeeder.js: Using EditorConfig core...
shopping-cart/seed/productSeeder.js: Using EditorConfig core...
shopping-cart/seed/productSeeder.js: {}
shopping-cart/seed/productSeeder.js: Using EditorConfig core...
shopping-cart/seed/productSeeder.js: Using EditorConfig core...
shopping-cart/seed/productSeeder.js: Using EditorConfig core...
shopping-cart/seed/productSeeder.js: Using EditorConfig core...
shopping-cart/seed/productSeeder.js: Using EditorConfig core...
shopping-cart/seed/productSeeder.js: Using EditorConfig core...
shopping-cart/seed/productSeeder.js: Using EditorConfig core...
shopping-cart/seed/productSeeder.js: Using EditorConfig core...
shopping-cart/seed/productSeeder.js: Using EditorConfig core...
shopping-cart/seed/productSeeder.js: Using EditorConfig core...
shopping-cart/seed/productSeeder.js: Using EditorConfig core...
shopping-cart/seed/productSeeder.js: Using EditorConfig core...
shopping-cart/seed/productSeeder.js: Using EditorConfig core...
shopping-cart/seed/productSeeder.js: {}
shopping-cart/seed/productSeeder.js: {}
shopping-cart/models/product.js: {}
shopping-cart/models/product.js: Using EditorConfig core...
shopping-cart/models/product.js: Using EditorConfig core...
shopping-cart/models/product.js: Using EditorConfig core...
shopping-cart/models/product.js: Using EditorConfig core...
shopping-cart/models/product.js: Using EditorConfig core...
shopping-cart/models/product.js: Using EditorConfig core...
shopping-cart/models/product.js: Using EditorConfig core...
shopping-cart/models/product.js: Using EditorConfig core...
shopping-cart/models/product.js: Using EditorConfig core...
shopping-cart/models/product.js: Using EditorConfig core...
shopping-cart/models/product.js: {}
shopping-cart/models/product.js: Using EditorConfig core...
shopping-cart/models/product.js: Using EditorConfig core...
shopping-cart/models/product.js: Using EditorConfig core...
shopping-cart/seed/productSeeder.js: {}
shopping-cart/seed/productSeeder.js: {}
shopping-cart/seed/productSeeder.js: Using EditorConfig core...
shopping-cart/seed/productSeeder.js: Using EditorConfig core...
shopping-cart/seed/productSeeder.js: Using EditorConfig core...
shopping-cart/seed/productSeeder.js: Using EditorConfig core...
shopping-cart/seed/productSeeder.js: Using EditorConfig core...
shopping-cart/seed/productSeeder.js: {}
shopping-cart/seed/productSeeder.js: Using EditorConfig core...
shopping-cart/seed/productSeeder.js: Using EditorConfig core...
shopping-cart/seed/productSeeder.js: Using EditorConfig core...
shopping-cart/seed/productSeeder.js: Using EditorConfig core...
shopping-cart/seed/productSeeder.js: Using EditorConfig core...
shopping-cart/seed/productSeeder.js: Using EditorConfig core...
shopping-cart/seed/productSeeder.js: Using EditorConfig core...
shopping-cart/seed/productSeeder.js: Using EditorConfig core...
shopping-cart/seed/productSeeder.js: Using EditorConfig core...
shopping-cart/seed/productSeeder.js: Using EditorConfig core...
shopping-cart/seed/productSeeder.js: Using EditorConfig core...
shopping-cart/seed/productSeeder.js: Using EditorConfig core...
shopping-cart/seed/productSeeder.js: Using EditorConfig core...
shopping-cart/seed/productSeeder.js: Using EditorConfig core...
shopping-cart/seed/productSeeder.js: Using EditorConfig core...
shopping-cart/seed/productSeeder.js: Using EditorConfig core...
shopping-cart/seed/productSeeder.js: Using EditorConfig core...
shopping-cart/seed/productSeeder.js: Using EditorConfig core...
shopping-cart/seed/productSeeder.js: Using EditorConfig core...
shopping-cart/seed/productSeeder.js: Using EditorConfig core...
shopping-cart/seed/productSeeder.js: Using EditorConfig core...
shopping-cart/seed/productSeeder.js: Using EditorConfig core...
shopping-cart/seed/productSeeder.js: Using EditorConfig core...
shopping-cart/seed/productSeeder.js: Using EditorConfig core...
shopping-cart/seed/productSeeder.js: Using EditorConfig core...
shopping-cart/seed/productSeeder.js: Using EditorConfig core...
shopping-cart/seed/productSeeder.js: Using EditorConfig core...
shopping-cart/seed/productSeeder.js: Using EditorConfig core...
shopping-cart/seed/productSeeder.js: {}
shopping-cart/seed/productSeeder.js: {}
shopping-cart/seed/productSeeder.js: {}
shopping-cart/seed/productSeeder.js: {}
shopping-cart/seed/productSeeder.js: {}
shopping-cart/seed/productSeeder.js: {}
shopping-cart/seed/productSeeder.js: {}
shopping-cart/seed/productSeeder.js: {}
shopping-cart/seed/productSeeder.js: {}
shopping-cart/seed/productSeeder.js: Using EditorConfig core...
shopping-cart/seed/productSeeder.js: Using EditorConfig core...
shopping-cart/seed/productSeeder.js: Using EditorConfig core...
shopping-cart/seed/productSeeder.js: Using EditorConfig core...
shopping-cart/seed/productSeeder.js: Using EditorConfig core...
shopping-cart/seed/productSeeder.js: Using EditorConfig core...
shopping-cart/seed/productSeeder.js: Using EditorConfig core...
shopping-cart/seed/productSeeder.js: Using EditorConfig core...
shopping-cart/seed/productSeeder.js: Using EditorConfig core...
shopping-cart/seed/productSeeder.js: {}
shopping-cart/seed/productSeeder.js: {}
shopping-cart/seed/productSeeder.js: {}
shopping-cart/seed/productSeeder.js: Using EditorConfig core...
shopping-cart/seed/productSeeder.js: Using EditorConfig core...
shopping-cart/seed/productSeeder.js: Using EditorConfig core...
shopping-cart/seed/productSeeder.js: Using EditorConfig core...
shopping-cart/seed/productSeeder.js: Using EditorConfig core...
shopping-cart/seed/productSeeder.js: Using EditorConfig core...
shopping-cart/seed/productSeeder.js: {}
